[debug] [2018-06-19T11:27:48.209Z] ----------------------------------------------------------------------
[debug] [2018-06-19T11:27:48.211Z] Command:       /Users/evenhus/.nvm/versions/node/v8.11.1/bin/node /usr/local/bin/firebase deploy
[debug] [2018-06-19T11:27:48.211Z] CLI Version:   3.18.4
[debug] [2018-06-19T11:27:48.211Z] Platform:      darwin
[debug] [2018-06-19T11:27:48.211Z] Node Version:  v8.11.1
[debug] [2018-06-19T11:27:48.212Z] Time:          Tue Jun 19 2018 13:27:48 GMT+0200 (CEST)
[debug] [2018-06-19T11:27:48.212Z] ----------------------------------------------------------------------
[debug] 
[debug] [2018-06-19T11:27:48.223Z] > command requires scopes: ["email","openid","https://www.googleapis.com/auth/cloudplatformprojects.readonly","https://www.googleapis.com/auth/firebase","https://www.googleapis.com/auth/cloud-platform"]
[debug] [2018-06-19T11:27:48.223Z] > authorizing via signed-in user
[debug] [2018-06-19T11:27:48.225Z] > refreshing access token with scopes: ["email","https://www.googleapis.com/auth/cloud-platform","https://www.googleapis.com/auth/cloudplatformprojects.readonly","https://www.googleapis.com/auth/firebase","openid"]
[debug] [2018-06-19T11:27:48.225Z] >>> HTTP REQUEST POST https://www.googleapis.com/oauth2/v3/token  
 { refresh_token: '1/nlMJG9mcMkrWTf1-_fCwGoXnmb6voleEI-geiE70o00',
  client_id: '563584335869-fgrhgmd47bqnekij5i8b5pr03ho849e6.apps.googleusercontent.com',
  client_secret: 'j9iVZfS8kkCEFUPaAeJV0sAi',
  grant_type: 'refresh_token',
  scope: 'email https://www.googleapis.com/auth/cloud-platform https://www.googleapis.com/auth/cloudplatformprojects.readonly https://www.googleapis.com/auth/firebase openid' } 
 Tue Jun 19 2018 13:27:48 GMT+0200 (CEST)
[debug] [2018-06-19T11:27:48.384Z] <<< HTTP RESPONSE 200
[debug] [2018-06-19T11:27:48.394Z] >>> HTTP REQUEST GET https://admin.firebase.com/v1/projects/workout-49f35  
  
 Tue Jun 19 2018 13:27:48 GMT+0200 (CEST)
